<?xml version="1.0" encoding="UTF-8"?>
<!-- Generated by org.testng.reporters.JUnitReportReporter -->
<testsuite hostname="BOTPROCESSER" failures="0" tests="1" name="com.CloudApp_Project.Main_Test_Case1" time="11.147" errors="0" timestamp="2020-02-16T12:40:04 IST" skipped="0">
  <testcase classname="com.CloudApp_Project.Main_Test_Case1" name="createteam" time="11.147"/>
</testsuite> <!-- com.CloudApp_Project.Main_Test_Case1 -->
