<?xml version="1.0" encoding="UTF-8"?>
<!-- Generated by org.testng.reporters.JUnitReportReporter -->
<testsuite hostname="Ravikanth" failures="0" tests="1" name="com.CloudApp_Project.Create_Collections" time="3.685" errors="0" timestamp="2020-02-26T22:10:20 IST" skipped="0">
  <testcase classname="com.CloudApp_Project.Create_Collections" name="Create_Collection" time="3.685"/>
</testsuite> <!-- com.CloudApp_Project.Create_Collections -->
