<?xml version="1.0" encoding="UTF-8"?>
<!-- Generated by org.testng.reporters.JUnitReportReporter -->
<testsuite hostname="Ravikanth" failures="0" tests="1" name="test_Suite.Create_Collections" time="9.955" errors="0" timestamp="2020-03-10T16:11:24 IST" skipped="0">
  <testcase classname="test_Suite.Create_Collections" name="Create_Collection" time="9.955"/>
</testsuite> <!-- test_Suite.Create_Collections -->
