<?xml version="1.0" encoding="UTF-8"?>
<!-- Generated by org.testng.reporters.JUnitReportReporter -->
<testsuite hostname="Ravikanth" failures="0" tests="1" name="com.CloudApp_Project.Sign_Up_Your_Team" time="12.007" errors="0" timestamp="2020-02-26T22:17:09 IST" skipped="0">
  <testcase classname="com.CloudApp_Project.Sign_Up_Your_Team" name="createteam" time="12.007"/>
</testsuite> <!-- com.CloudApp_Project.Sign_Up_Your_Team -->
