<?xml version="1.0" encoding="UTF-8"?>
<!-- Generated by org.testng.reporters.JUnitReportReporter -->
<testsuite hostname="BOTPROCESSER" failures="0" tests="1" name="com.CloudApp_Project.Main_Test_Case1" time="7.956" errors="0" timestamp="2020-02-16T15:54:40 IST" skipped="0">
  <testcase classname="com.CloudApp_Project.Main_Test_Case1" name="createteam" time="7.956"/>
</testsuite> <!-- com.CloudApp_Project.Main_Test_Case1 -->
