<?xml version="1.0" encoding="UTF-8"?>
<!-- Generated by org.testng.reporters.JUnitReportReporter -->
<testsuite hostname="BOTPROCESSER" failures="0" tests="1" name="com.CloudApp_Project.Sign_Up_Your_Team" time="8.220" errors="0" timestamp="2020-02-18T07:01:01 IST" skipped="0">
  <testcase classname="com.CloudApp_Project.Sign_Up_Your_Team" name="createteam" time="8.220"/>
</testsuite> <!-- com.CloudApp_Project.Sign_Up_Your_Team -->
