<?xml version="1.0" encoding="UTF-8"?>
<!-- Generated by org.testng.reporters.JUnitReportReporter -->
<testsuite hostname="BOTPROCESSER" failures="0" tests="1" name="com.Page_Object_Model.Main_TestScript" time="19.803" errors="0" timestamp="2020-02-16T13:53:38 IST" skipped="0">
  <testcase classname="com.Page_Object_Model.Main_TestScript" name="createcustomer" time="19.803"/>
</testsuite> <!-- com.Page_Object_Model.Main_TestScript -->
