<?xml version="1.0" encoding="UTF-8"?>
<!-- Generated by org.testng.reporters.JUnitReportReporter -->
<testsuite hostname="Ravikanth" failures="0" tests="1" name="com.CloudApp_Project.Rename_Drop" time="3.381" errors="0" timestamp="2020-02-27T07:34:03 IST" skipped="0">
  <testcase classname="com.CloudApp_Project.Rename_Drop" name="Rename_The_Drop" time="3.381"/>
</testsuite> <!-- com.CloudApp_Project.Rename_Drop -->
