<?xml version="1.0" encoding="UTF-8"?>
<!-- Generated by org.testng.reporters.JUnitReportReporter -->
<testsuite hostname="BOTPROCESSER" failures="0" tests="1" name="com.CloudApp_Project.Sign_Up_Your_Team" time="8.707" errors="0" timestamp="2020-02-16T16:04:28 IST" skipped="0">
  <testcase classname="com.CloudApp_Project.Sign_Up_Your_Team" name="createteam" time="8.707"/>
</testsuite> <!-- com.CloudApp_Project.Sign_Up_Your_Team -->
