<?xml version="1.0" encoding="UTF-8"?>
<!-- Generated by org.testng.reporters.JUnitReportReporter -->
<testsuite hostname="Ravikanth" failures="0" tests="1" name="test_Suite.Rename_Drop" time="0.784" errors="0" timestamp="2020-02-27T08:22:43 IST" skipped="0">
  <testcase classname="test_Suite.Rename_Drop" name="Rename_The_Drop" time="0.784"/>
</testsuite> <!-- test_Suite.Rename_Drop -->
